<?xml version="1.0" encoding="UTF-8"?>
<testng-results skipped="0" failed="0" ignored="0" total="1" passed="1">
  <reporter-output>
  </reporter-output>
  <suite name="Default suite" duration-ms="73160" started-at="2019-04-21T08:30:26Z" finished-at="2019-04-21T08:31:40Z">
    <groups>
      <group name="cucumber">
        <method signature="AbstractTestNGCucumberTests.runScenario(cucumber.api.testng.PickleEventWrapper, cucumber.api.testng.CucumberFeatureWrapper)[pri:0, instance:com.selbot.testcases.TC002_DuplicateLead@2b2948e2]" name="runScenario" class="cucumber.api.testng.AbstractTestNGCucumberTests"/>
      </group> <!-- cucumber -->
    </groups>
    <test name="Default test" duration-ms="73160" started-at="2019-04-21T08:30:26Z" finished-at="2019-04-21T08:31:40Z">
      <class name="com.selbot.testcases.TC002_DuplicateLead">
        <test-method status="PASS" signature="startReport()[pri:0, instance:com.selbot.testcases.TC002_DuplicateLead@2b2948e2]" name="startReport" is-config="true" duration-ms="863" started-at="2019-04-21T08:30:26Z" finished-at="2019-04-21T08:30:26Z">
          <reporter-output>
          </reporter-output>
        </test-method> <!-- startReport -->
        <test-method status="PASS" signature="setData()[pri:0, instance:com.selbot.testcases.TC002_DuplicateLead@2b2948e2]" name="setData" is-config="true" duration-ms="1" started-at="2019-04-21T08:30:26Z" finished-at="2019-04-21T08:30:26Z">
          <reporter-output>
          </reporter-output>
        </test-method> <!-- setData -->
        <test-method status="PASS" signature="setUpClass()[pri:0, instance:com.selbot.testcases.TC002_DuplicateLead@2b2948e2]" name="setUpClass" is-config="true" duration-ms="441" started-at="2019-04-21T08:30:27Z" finished-at="2019-04-21T08:30:27Z">
          <reporter-output>
          </reporter-output>
        </test-method> <!-- setUpClass -->
        <test-method status="PASS" signature="report()[pri:0, instance:com.selbot.testcases.TC002_DuplicateLead@2b2948e2]" name="report" is-config="true" duration-ms="32" started-at="2019-04-21T08:30:27Z" finished-at="2019-04-21T08:30:27Z">
          <reporter-output>
          </reporter-output>
        </test-method> <!-- report -->
        <test-method status="PASS" signature="beforeMethod()[pri:0, instance:com.selbot.testcases.TC002_DuplicateLead@2b2948e2]" name="beforeMethod" is-config="true" duration-ms="28654" started-at="2019-04-21T08:30:30Z" finished-at="2019-04-21T08:30:58Z">
          <reporter-output>
          </reporter-output>
        </test-method> <!-- beforeMethod -->
        <test-method status="PASS" signature="createLead(java.lang.String, java.lang.String, java.lang.String, java.lang.String)[pri:0, instance:com.selbot.testcases.TC002_DuplicateLead@2b2948e2]" name="createLead" duration-ms="40623" started-at="2019-04-21T08:30:58Z" data-provider="fetchData" finished-at="2019-04-21T08:31:39Z">
          <params>
            <param index="0">
              <value>
                <![CDATA[DemoSalesManager]]>
              </value>
            </param>
            <param index="1">
              <value>
                <![CDATA[crmsfa]]>
              </value>
            </param>
            <param index="2">
              <value>
                <![CDATA[ManosiKannan@gmail.com]]>
              </value>
            </param>
            <param index="3">
              <value>
                <![CDATA[TestLeaf]]>
              </value>
            </param>
          </params>
          <reporter-output>
          </reporter-output>
        </test-method> <!-- createLead -->
        <test-method status="PASS" signature="afterMethod()[pri:0, instance:com.selbot.testcases.TC002_DuplicateLead@2b2948e2]" name="afterMethod" is-config="true" duration-ms="746" started-at="2019-04-21T08:31:39Z" finished-at="2019-04-21T08:31:40Z">
          <reporter-output>
          </reporter-output>
        </test-method> <!-- afterMethod -->
        <test-method status="PASS" signature="tearDownClass()[pri:0, instance:com.selbot.testcases.TC002_DuplicateLead@2b2948e2]" name="tearDownClass" is-config="true" duration-ms="27" started-at="2019-04-21T08:31:40Z" finished-at="2019-04-21T08:31:40Z">
          <reporter-output>
          </reporter-output>
        </test-method> <!-- tearDownClass -->
        <test-method status="PASS" signature="stopReport()[pri:0, instance:com.selbot.testcases.TC002_DuplicateLead@2b2948e2]" name="stopReport" is-config="true" duration-ms="1615" started-at="2019-04-21T08:31:40Z" finished-at="2019-04-21T08:31:41Z">
          <reporter-output>
          </reporter-output>
        </test-method> <!-- stopReport -->
      </class> <!-- com.selbot.testcases.TC002_DuplicateLead -->
    </test> <!-- Default test -->
  </suite> <!-- Default suite -->
</testng-results>
